
MCF SPEC CPU version 1.11
Copyright (c) 1998-2000 Zuse Institut Berlin (ZIB)
Copyright (c) 2000-2002 Andreas Loebel & ZIB
Copyright (c) 2003-2005 Andreas Loebel
Copyright (c) 2006-2010 Dres. Loebel, Borndoerfer & Weider GbR (LBW)

nodes                      : 15000
active arcs                : 162202
simplex iterations         : 107102
objective value            : 14286213527
new implicit arcs          : 1000000
active arcs                : 1162202
simplex iterations         : 152479
objective value            : 12493360958
erased arcs                : 995716
new implicit arcs          : 2995716
active arcs                : 3162202
simplex iterations         : 253145
objective value            : 12161789395
erased arcs                : 2991635
new implicit arcs          : 2991635
active arcs                : 3162202
simplex iterations         : 398127
objective value            : 11729854482
erased arcs                : 2988077
new implicit arcs          : 2988077
active arcs                : 3162202
simplex iterations         : 492038
objective value            : 11518871786
erased arcs                : 2987559
new implicit arcs          : 2987559
active arcs                : 3162202
simplex iterations         : 603110
objective value            : 11307994905
erased arcs                : 2985993
new implicit arcs          : 2985993
active arcs                : 3162202
simplex iterations         : 695250
objective value            : 11197313691
erased arcs                : 2985220
new implicit arcs          : 2985220
active arcs                : 3162202
simplex iterations         : 788574
objective value            : 11046547153
erased arcs                : 2983976
new implicit arcs          : 2983976
active arcs                : 3162202
simplex iterations         : 875172
objective value            : 10905984673
erased arcs                : 2983134
new implicit arcs          : 2983134
active arcs                : 3162202
simplex iterations         : 968345
objective value            : 10805378385
erased arcs                : 2982164
new implicit arcs          : 2982164
active arcs                : 3162202
simplex iterations         : 1052378
objective value            : 10774911001
erased arcs                : 2981662
new implicit arcs          : 2981662
active arcs                : 3162202
simplex iterations         : 1132360
objective value            : 10734402584
erased arcs                : 2980614
new implicit arcs          : 2980614
active arcs                : 3162202
simplex iterations         : 1217369
objective value            : 10713948951
erased arcs                : 2980100
new implicit arcs          : 2980100
active arcs                : 3162202
simplex iterations         : 1287661
objective value            : 10693475162
erased arcs                : 2979231
new implicit arcs          : 2979231
active arcs                : 3162202
simplex iterations         : 1355724
objective value            : 10673128241
erased arcs                : 2978725
new implicit arcs          : 2978725
active arcs                : 3162202
simplex iterations         : 1410866
objective value            : 10672835890
erased arcs                : 2978554
new implicit arcs          : 2978554
active arcs                : 3162202
simplex iterations         : 1472290
objective value            : 10662505910
erased arcs                : 2977589
new implicit arcs          : 2977589
active arcs                : 3162202
simplex iterations         : 1518365
objective value            : 10662233380
erased arcs                : 2977532
new implicit arcs          : 2977532
active arcs                : 3162202
simplex iterations         : 1558683
objective value            : 10652049270
erased arcs                : 2976494
new implicit arcs          : 2976494
active arcs                : 3162202
simplex iterations         : 1597236
objective value            : 10651866390
erased arcs                : 2976738
new implicit arcs          : 2976738
active arcs                : 3162202
simplex iterations         : 1636003
objective value            : 10641731900
erased arcs                : 2976574
new implicit arcs          : 2976574
active arcs                : 3162202
simplex iterations         : 1704063
objective value            : 10641291860
erased arcs                : 2975366
new implicit arcs          : 2975366
active arcs                : 3162202
simplex iterations         : 1737520
objective value            : 10641165290
erased arcs                : 2975718
new implicit arcs          : 2975718
active arcs                : 3162202
simplex iterations         : 1788329
objective value            : 10641000440
erased arcs                : 2974869
new implicit arcs          : 2974869
active arcs                : 3162202
simplex iterations         : 1832696
objective value            : 10630764730
erased arcs                : 2974206
new implicit arcs          : 2974206
active arcs                : 3162202
simplex iterations         : 1855068
objective value            : 10630690540
erased arcs                : 2974882
new implicit arcs          : 2974882
active arcs                : 3162202
simplex iterations         : 1887932
objective value            : 10630602970
erased arcs                : 2974264
new implicit arcs          : 2974264
active arcs                : 3162202
simplex iterations         : 1912484
objective value            : 10630543060
erased arcs                : 2973943
new implicit arcs          : 2973943
active arcs                : 3162202
simplex iterations         : 1935428
objective value            : 10630472350
erased arcs                : 2973380
new implicit arcs          : 2973380
active arcs                : 3162202
simplex iterations         : 1952736
objective value            : 10630451380
erased arcs                : 2974009
new implicit arcs          : 2974009
active arcs                : 3162202
simplex iterations         : 1966001
objective value            : 10630444960
erased arcs                : 2974184
new implicit arcs          : 2974184
active arcs                : 3162202
simplex iterations         : 1975348
objective value            : 10630439500
erased arcs                : 2973277
new implicit arcs          : 141558
active arcs                : 330483
simplex iterations         : 1977246
objective value            : 10630439290
erased arcs                : 142874
checksum                   : 10630439290
done

MCF SPEC CPU version 1.11
Copyright (c) 1998-2000 Zuse Institut Berlin (ZIB)
Copyright (c) 2000-2002 Andreas Loebel & ZIB
Copyright (c) 2003-2005 Andreas Loebel
Copyright (c) 2006-2010 Dres. Loebel, Borndoerfer & Weider GbR (LBW)

nodes                      : 15000
active arcs                : 162202
simplex iterations         : 139994145322456
objective value            : 0
checksum                   : 0
done

MCF SPEC CPU version 1.11
Copyright (c) 1998-2000 Zuse Institut Berlin (ZIB)
Copyright (c) 2000-2002 Andreas Loebel & ZIB
Copyright (c) 2003-2005 Andreas Loebel
Copyright (c) 2006-2010 Dres. Loebel, Borndoerfer & Weider GbR (LBW)

nodes                      : 15000
active arcs                : 162202
simplex iterations         : 94166
objective value            : 14286213527
new implicit arcs          : 1000000
active arcs                : 1162202
simplex iterations         : 199722
objective value            : 12595222060
erased arcs                : 995438
new implicit arcs          : 2995438
active arcs                : 3162202
simplex iterations         : 341787
objective value            : 12202596912
erased arcs                : 2991530
new implicit arcs          : 2991530
active arcs                : 3162202
simplex iterations         : 471710
objective value            : 11821326600
erased arcs                : 2989075
new implicit arcs          : 2989075
active arcs                : 3162202
simplex iterations         : 644606
objective value            : 11328146050
erased arcs                : 2985243
new implicit arcs          : 2985243
active arcs                : 3162202
simplex iterations         : 788925
objective value            : 11066805354
erased arcs                : 2983352
new implicit arcs          : 2983352
active arcs                : 3162202
simplex iterations         : 896532
objective value            : 10926144270
erased arcs                : 2982680
new implicit arcs          : 2982680
active arcs                : 3162202
simplex iterations         : 1004700
objective value            : 10845343111
erased arcs                : 2981498
new implicit arcs          : 2981498
active arcs                : 3162202
simplex iterations         : 1085079
objective value            : 10784947891
erased arcs                : 2981051
new implicit arcs          : 2981051
active arcs                : 3162202
simplex iterations         : 1165648
objective value            : 10764410820
erased arcs                : 2980089
new implicit arcs          : 2980089
active arcs                : 3162202
simplex iterations         : 1235476
objective value            : 10754069571
erased arcs                : 2979553
new implicit arcs          : 2979553
active arcs                : 3162202
simplex iterations         : 1297923
objective value            : 10723701080
erased arcs                : 2978936
new implicit arcs          : 2978936
active arcs                : 3162202
simplex iterations         : 1346753
objective value            : 10713465310
erased arcs                : 2978598
new implicit arcs          : 2978598
active arcs                : 3162202
simplex iterations         : 1402288
objective value            : 10693164410
erased arcs                : 2977920
new implicit arcs          : 2977920
active arcs                : 3162202
simplex iterations         : 1462797
objective value            : 10672917290
erased arcs                : 2978055
new implicit arcs          : 2978055
active arcs                : 3162202
simplex iterations         : 1527806
objective value            : 10672619220
erased arcs                : 2977525
new implicit arcs          : 2977525
active arcs                : 3162202
simplex iterations         : 1580295
objective value            : 10672295240
erased arcs                : 2977165
new implicit arcs          : 2977165
active arcs                : 3162202
simplex iterations         : 1628940
objective value            : 10662028400
erased arcs                : 2976886
new implicit arcs          : 2976886
active arcs                : 3162202
simplex iterations         : 1676036
objective value            : 10661744800
erased arcs                : 2976228
new implicit arcs          : 2976228
active arcs                : 3162202
simplex iterations         : 1709174
objective value            : 10661607340
erased arcs                : 2976673
new implicit arcs          : 2976673
active arcs                : 3162202
simplex iterations         : 1772017
objective value            : 10651297680
erased arcs                : 2975185
new implicit arcs          : 2975185
active arcs                : 3162202
simplex iterations         : 1807274
objective value            : 10651200330
erased arcs                : 2975523
new implicit arcs          : 2975523
active arcs                : 3162202
simplex iterations         : 1864716
objective value            : 10650876420
erased arcs                : 2974523
new implicit arcs          : 2974523
active arcs                : 3162202
simplex iterations         : 1887039
objective value            : 10650817080
erased arcs                : 2974581
new implicit arcs          : 2974581
active arcs                : 3162202
simplex iterations         : 1938303
objective value            : 10650624030
erased arcs                : 2974108
new implicit arcs          : 2974108
active arcs                : 3162202
simplex iterations         : 1963611
objective value            : 10640562680
erased arcs                : 2974007
new implicit arcs          : 2974007
active arcs                : 3162202
simplex iterations         : 1983076
objective value            : 10640519750
erased arcs                : 2974068
new implicit arcs          : 2974068
active arcs                : 3162202
simplex iterations         : 1990672
objective value            : 10640497880
erased arcs                : 2973974
new implicit arcs          : 2973974
active arcs                : 3162202
simplex iterations         : 2008800
objective value            : 10640440910
erased arcs                : 2973080
new implicit arcs          : 439655
active arcs                : 628777
simplex iterations         : 2013421
objective value            : 10630439500
erased arcs                : 439597
new implicit arcs          : 12417
active arcs                : 201597
simplex iterations         : 2013879
objective value            : 10630439290
erased arcs                : 12562
new implicit arcs          : 849
active arcs                : 189884
simplex iterations         : 2013928
objective value            : 10630439290
erased arcs                : 851
new implicit arcs          : 4284
active arcs                : 193317
simplex iterations         : 2014005
objective value            : 10630439290
erased arcs                : 4281
checksum                   : 10630439290
done

MCF SPEC CPU version 1.11
Copyright (c) 1998-2000 Zuse Institut Berlin (ZIB)
Copyright (c) 2000-2002 Andreas Loebel & ZIB
Copyright (c) 2003-2005 Andreas Loebel
Copyright (c) 2006-2010 Dres. Loebel, Borndoerfer & Weider GbR (LBW)

nodes                      : 15000
active arcs                : 162202
simplex iterations         : 94166
objective value            : 14286213527
new implicit arcs          : 1000000
active arcs                : 1162202
simplex iterations         : 199722
objective value            : 12595222060
erased arcs                : 995438
new implicit arcs          : 2995438
active arcs                : 3162202
simplex iterations         : 341787
objective value            : 12202596912
erased arcs                : 2991530
new implicit arcs          : 2991530
active arcs                : 3162202
simplex iterations         : 471710
objective value            : 11821326600
erased arcs                : 2989075
new implicit arcs          : 2989075
active arcs                : 3162202
simplex iterations         : 644606
objective value            : 11328146050
erased arcs                : 2985243
new implicit arcs          : 2985243
active arcs                : 3162202
simplex iterations         : 788925
objective value            : 11066805354
erased arcs                : 2983352
new implicit arcs          : 2983352
active arcs                : 3162202
simplex iterations         : 896532
objective value            : 10926144270
erased arcs                : 2982680
new implicit arcs          : 2982680
active arcs                : 3162202
simplex iterations         : 1004700
objective value            : 10845343111
erased arcs                : 2981498
new implicit arcs          : 2981498
active arcs                : 3162202
simplex iterations         : 1085079
objective value            : 10784947891
erased arcs                : 2981051
new implicit arcs          : 2981051
active arcs                : 3162202
simplex iterations         : 1165648
objective value            : 10764410820
erased arcs                : 2980089
new implicit arcs          : 2980089
active arcs                : 3162202
simplex iterations         : 1235476
objective value            : 10754069571
erased arcs                : 2979553
new implicit arcs          : 2979553
active arcs                : 3162202
simplex iterations         : 1297923
objective value            : 10723701080
erased arcs                : 2978936
new implicit arcs          : 2978936
active arcs                : 3162202
simplex iterations         : 1346753
objective value            : 10713465310
erased arcs                : 2978598
new implicit arcs          : 2978598
active arcs                : 3162202
simplex iterations         : 1402288
objective value            : 10693164410
erased arcs                : 2977920
new implicit arcs          : 2977920
active arcs                : 3162202
simplex iterations         : 1462797
objective value            : 10672917290
erased arcs                : 2978055
new implicit arcs          : 2978055
active arcs                : 3162202
simplex iterations         : 1527806
objective value            : 10672619220
erased arcs                : 2977525
new implicit arcs          : 2977525
active arcs                : 3162202
simplex iterations         : 1580295
objective value            : 10672295240
erased arcs                : 2977165
new implicit arcs          : 2977165
active arcs                : 3162202
simplex iterations         : 1628940
objective value            : 10662028400
erased arcs                : 2976886
new implicit arcs          : 2976886
active arcs                : 3162202
simplex iterations         : 1676036
objective value            : 10661744800
erased arcs                : 2976228
new implicit arcs          : 2976228
active arcs                : 3162202
simplex iterations         : 1709174
objective value            : 10661607340
erased arcs                : 2976673
new implicit arcs          : 2976673
active arcs                : 3162202
simplex iterations         : 1772017
objective value            : 10651297680
erased arcs                : 2975185
new implicit arcs          : 2975185
active arcs                : 3162202
simplex iterations         : 1807274
objective value            : 10651200330
erased arcs                : 2975523
new implicit arcs          : 2975523
active arcs                : 3162202
simplex iterations         : 1864716
objective value            : 10650876420
erased arcs                : 2974523
new implicit arcs          : 2974523
active arcs                : 3162202
simplex iterations         : 1887039
objective value            : 10650817080
erased arcs                : 2974581
new implicit arcs          : 2974581
active arcs                : 3162202
simplex iterations         : 1938303
objective value            : 10650624030
erased arcs                : 2974108
new implicit arcs          : 2974108
active arcs                : 3162202
simplex iterations         : 1963611
objective value            : 10640562680
erased arcs                : 2974007
new implicit arcs          : 2974007
active arcs                : 3162202
simplex iterations         : 1983076
objective value            : 10640519750
erased arcs                : 2974068
new implicit arcs          : 2974068
active arcs                : 3162202
simplex iterations         : 1990672
objective value            : 10640497880
erased arcs                : 2973974
new implicit arcs          : 2973974
active arcs                : 3162202
simplex iterations         : 2008800
objective value            : 10640440910
erased arcs                : 2973080
new implicit arcs          : 439655
active arcs                : 628777
simplex iterations         : 2013421
objective value            : 10630439500
erased arcs                : 439597
new implicit arcs          : 12417
active arcs                : 201597
simplex iterations         : 2013879
objective value            : 10630439290
erased arcs                : 12562
new implicit arcs          : 849
active arcs                : 189884
simplex iterations         : 2013928
objective value            : 10630439290
erased arcs                : 851
new implicit arcs          : 4284
active arcs                : 193317
simplex iterations         : 2014005
objective value            : 10630439290
erased arcs                : 4281
checksum                   : 10630439290
done

MCF SPEC CPU version 1.11
Copyright (c) 1998-2000 Zuse Institut Berlin (ZIB)
Copyright (c) 2000-2002 Andreas Loebel & ZIB
Copyright (c) 2003-2005 Andreas Loebel
Copyright (c) 2006-2010 Dres. Loebel, Borndoerfer & Weider GbR (LBW)

nodes                      : 15000
active arcs                : 162202
simplex iterations         : 94166
objective value            : 14286213527
new implicit arcs          : 1000000
active arcs                : 1162202
simplex iterations         : 199722
objective value            : 12595222060
erased arcs                : 995438
new implicit arcs          : 2995438
active arcs                : 3162202
simplex iterations         : 341787
objective value            : 12202596912
erased arcs                : 2991530
new implicit arcs          : 2991530
active arcs                : 3162202
simplex iterations         : 471710
objective value            : 11821326600
erased arcs                : 2989075
new implicit arcs          : 2989075
active arcs                : 3162202
simplex iterations         : 644606
objective value            : 11328146050
erased arcs                : 2985243
new implicit arcs          : 2985243
active arcs                : 3162202
simplex iterations         : 788925
objective value            : 11066805354
erased arcs                : 2983352
new implicit arcs          : 2983352
active arcs                : 3162202
simplex iterations         : 896532
objective value            : 10926144270
erased arcs                : 2982680
new implicit arcs          : 2982680
active arcs                : 3162202
simplex iterations         : 1004700
objective value            : 10845343111
erased arcs                : 2981498
new implicit arcs          : 2981498
active arcs                : 3162202
simplex iterations         : 1085079
objective value            : 10784947891
erased arcs                : 2981051
new implicit arcs          : 2981051
active arcs                : 3162202
simplex iterations         : 1165648
objective value            : 10764410820
erased arcs                : 2980089
new implicit arcs          : 2980089
active arcs                : 3162202
simplex iterations         : 1235476
objective value            : 10754069571
erased arcs                : 2979553
new implicit arcs          : 2979553
active arcs                : 3162202
simplex iterations         : 1297923
objective value            : 10723701080
erased arcs                : 2978936
new implicit arcs          : 2978936
active arcs                : 3162202
simplex iterations         : 1346753
objective value            : 10713465310
erased arcs                : 2978598
new implicit arcs          : 2978598
active arcs                : 3162202
simplex iterations         : 1402288
objective value            : 10693164410
erased arcs                : 2977920
new implicit arcs          : 2977920
active arcs                : 3162202
simplex iterations         : 1462797
objective value            : 10672917290
erased arcs                : 2978055
new implicit arcs          : 2978055
active arcs                : 3162202
simplex iterations         : 1527806
objective value            : 10672619220
erased arcs                : 2977525
new implicit arcs          : 2977525
active arcs                : 3162202
simplex iterations         : 1580295
objective value            : 10672295240
erased arcs                : 2977165
new implicit arcs          : 2977165
active arcs                : 3162202
simplex iterations         : 1628940
objective value            : 10662028400
erased arcs                : 2976886
new implicit arcs          : 2976886
active arcs                : 3162202
simplex iterations         : 1676036
objective value            : 10661744800
erased arcs                : 2976228
new implicit arcs          : 2976228
active arcs                : 3162202
simplex iterations         : 1709174
objective value            : 10661607340
erased arcs                : 2976673
new implicit arcs          : 2976673
active arcs                : 3162202
simplex iterations         : 1772017
objective value            : 10651297680
erased arcs                : 2975185
new implicit arcs          : 2975185
active arcs                : 3162202
simplex iterations         : 1807274
objective value            : 10651200330
erased arcs                : 2975523
new implicit arcs          : 2975523
active arcs                : 3162202
simplex iterations         : 1864716
objective value            : 10650876420
erased arcs                : 2974523
new implicit arcs          : 2974523
active arcs                : 3162202
simplex iterations         : 1887039
objective value            : 10650817080
erased arcs                : 2974581
new implicit arcs          : 2974581
active arcs                : 3162202
simplex iterations         : 1938303
objective value            : 10650624030
erased arcs                : 2974108
new implicit arcs          : 2974108
active arcs                : 3162202
simplex iterations         : 1963611
objective value            : 10640562680
erased arcs                : 2974007
new implicit arcs          : 2974007
active arcs                : 3162202
simplex iterations         : 1983076
objective value            : 10640519750
erased arcs                : 2974068
new implicit arcs          : 2974068
active arcs                : 3162202
simplex iterations         : 1990672
objective value            : 10640497880
erased arcs                : 2973974
new implicit arcs          : 2973974
active arcs                : 3162202
simplex iterations         : 2008800
objective value            : 10640440910
erased arcs                : 2973080
new implicit arcs          : 439655
active arcs                : 628777
simplex iterations         : 2013421
objective value            : 10630439500
erased arcs                : 439597
new implicit arcs          : 12417
active arcs                : 201597
simplex iterations         : 2013879
objective value            : 10630439290
erased arcs                : 12562
new implicit arcs          : 849
active arcs                : 189884
simplex iterations         : 2013928
objective value            : 10630439290
erased arcs                : 851
new implicit arcs          : 4284
active arcs                : 193317
simplex iterations         : 2014005
objective value            : 10630439290
erased arcs                : 4281
checksum                   : 10630439290
done
